<?xml version="1.0" encoding="UTF-8"?>
<testng-results ignored="0" total="7" passed="7" failed="0" skipped="0">
  <reporter-output>
  </reporter-output>
  <suite started-at="2024-08-04T20:28:25 IST" name="Default suite" finished-at="2024-08-04T20:29:10 IST" duration-ms="44486">
    <groups>
    </groups>
    <test started-at="2024-08-04T20:28:25 IST" name="Default test" finished-at="2024-08-04T20:29:10 IST" duration-ms="44486">
      <class name="com.tutorialsninja.qa.testcases.Login">
        <test-method is-config="true" signature="setup()[pri:0, instance:com.tutorialsninja.qa.testcases.Login@2892d68]" started-at="2024-08-04T20:28:26 IST" name="setup" finished-at="2024-08-04T20:28:34 IST" duration-ms="7435" status="PASS">
          <reporter-output>
          </reporter-output>
        </test-method> <!-- setup -->
        <test-method signature="verifyLoginWithValidCredentials(java.lang.String,java.lang.String)[pri:1, instance:com.tutorialsninja.qa.testcases.Login@2892d68]" started-at="2024-08-04T20:28:34 IST" name="verifyLoginWithValidCredentials" data-provider="validCredentialsSupplier" finished-at="2024-08-04T20:28:35 IST" duration-ms="1288" status="PASS">
          <params>
            <param index="0">
              <value>
                <![CDATA[sandesh.test@gmail.com]]>
              </value>
            </param>
            <param index="1">
              <value>
                <![CDATA[Password@1]]>
              </value>
            </param>
          </params>
          <reporter-output>
          </reporter-output>
        </test-method> <!-- verifyLoginWithValidCredentials -->
        <test-method is-config="true" signature="tearDown()[pri:0, instance:com.tutorialsninja.qa.testcases.Login@2892d68]" started-at="2024-08-04T20:28:35 IST" name="tearDown" finished-at="2024-08-04T20:28:35 IST" duration-ms="278" status="PASS">
          <reporter-output>
          </reporter-output>
        </test-method> <!-- tearDown -->
        <test-method is-config="true" signature="setup()[pri:0, instance:com.tutorialsninja.qa.testcases.Login@2892d68]" started-at="2024-08-04T20:28:35 IST" name="setup" finished-at="2024-08-04T20:28:40 IST" duration-ms="4564" status="PASS">
          <reporter-output>
          </reporter-output>
        </test-method> <!-- setup -->
        <test-method signature="verifyLoginWithValidCredentials(java.lang.String,java.lang.String)[pri:1, instance:com.tutorialsninja.qa.testcases.Login@2892d68]" started-at="2024-08-04T20:28:40 IST" name="verifyLoginWithValidCredentials" data-provider="validCredentialsSupplier" finished-at="2024-08-04T20:28:41 IST" duration-ms="1335" status="PASS">
          <params>
            <param index="0">
              <value>
                <![CDATA[sandesh.test2@gmail.com]]>
              </value>
            </param>
            <param index="1">
              <value>
                <![CDATA[Password@1]]>
              </value>
            </param>
          </params>
          <reporter-output>
          </reporter-output>
        </test-method> <!-- verifyLoginWithValidCredentials -->
        <test-method is-config="true" signature="tearDown()[pri:0, instance:com.tutorialsninja.qa.testcases.Login@2892d68]" started-at="2024-08-04T20:28:41 IST" name="tearDown" finished-at="2024-08-04T20:28:42 IST" duration-ms="200" status="PASS">
          <reporter-output>
          </reporter-output>
        </test-method> <!-- tearDown -->
        <test-method is-config="true" signature="setup()[pri:0, instance:com.tutorialsninja.qa.testcases.Login@2892d68]" started-at="2024-08-04T20:28:42 IST" name="setup" finished-at="2024-08-04T20:28:46 IST" duration-ms="4862" status="PASS">
          <reporter-output>
          </reporter-output>
        </test-method> <!-- setup -->
        <test-method signature="verifyLoginWithValidCredentials(java.lang.String,java.lang.String)[pri:1, instance:com.tutorialsninja.qa.testcases.Login@2892d68]" started-at="2024-08-04T20:28:46 IST" name="verifyLoginWithValidCredentials" data-provider="validCredentialsSupplier" finished-at="2024-08-04T20:28:48 IST" duration-ms="1339" status="PASS">
          <params>
            <param index="0">
              <value>
                <![CDATA[sandesh.test3@gmail.com]]>
              </value>
            </param>
            <param index="1">
              <value>
                <![CDATA[Password@1]]>
              </value>
            </param>
          </params>
          <reporter-output>
          </reporter-output>
        </test-method> <!-- verifyLoginWithValidCredentials -->
        <test-method is-config="true" signature="tearDown()[pri:0, instance:com.tutorialsninja.qa.testcases.Login@2892d68]" started-at="2024-08-04T20:28:48 IST" name="tearDown" finished-at="2024-08-04T20:28:48 IST" duration-ms="196" status="PASS">
          <reporter-output>
          </reporter-output>
        </test-method> <!-- tearDown -->
        <test-method is-config="true" signature="setup()[pri:0, instance:com.tutorialsninja.qa.testcases.Login@2892d68]" started-at="2024-08-04T20:28:48 IST" name="setup" finished-at="2024-08-04T20:28:52 IST" duration-ms="4356" status="PASS">
          <reporter-output>
          </reporter-output>
        </test-method> <!-- setup -->
        <test-method signature="verifyLoginWithInvalidCredentials()[pri:2, instance:com.tutorialsninja.qa.testcases.Login@2892d68]" started-at="2024-08-04T20:28:52 IST" name="verifyLoginWithInvalidCredentials" finished-at="2024-08-04T20:28:53 IST" duration-ms="970" status="PASS">
          <reporter-output>
          </reporter-output>
        </test-method> <!-- verifyLoginWithInvalidCredentials -->
        <test-method is-config="true" signature="tearDown()[pri:0, instance:com.tutorialsninja.qa.testcases.Login@2892d68]" started-at="2024-08-04T20:28:53 IST" name="tearDown" finished-at="2024-08-04T20:28:53 IST" duration-ms="187" status="PASS">
          <reporter-output>
          </reporter-output>
        </test-method> <!-- tearDown -->
        <test-method is-config="true" signature="setup()[pri:0, instance:com.tutorialsninja.qa.testcases.Login@2892d68]" started-at="2024-08-04T20:28:53 IST" name="setup" finished-at="2024-08-04T20:28:58 IST" duration-ms="4324" status="PASS">
          <reporter-output>
          </reporter-output>
        </test-method> <!-- setup -->
        <test-method signature="verifyLoginWithInvalidEmailAndValidPassword()[pri:3, instance:com.tutorialsninja.qa.testcases.Login@2892d68]" started-at="2024-08-04T20:28:58 IST" name="verifyLoginWithInvalidEmailAndValidPassword" finished-at="2024-08-04T20:28:59 IST" duration-ms="993" status="PASS">
          <reporter-output>
          </reporter-output>
        </test-method> <!-- verifyLoginWithInvalidEmailAndValidPassword -->
        <test-method is-config="true" signature="tearDown()[pri:0, instance:com.tutorialsninja.qa.testcases.Login@2892d68]" started-at="2024-08-04T20:28:59 IST" name="tearDown" finished-at="2024-08-04T20:28:59 IST" duration-ms="185" status="PASS">
          <reporter-output>
          </reporter-output>
        </test-method> <!-- tearDown -->
        <test-method is-config="true" signature="setup()[pri:0, instance:com.tutorialsninja.qa.testcases.Login@2892d68]" started-at="2024-08-04T20:28:59 IST" name="setup" finished-at="2024-08-04T20:29:04 IST" duration-ms="5111" status="PASS">
          <reporter-output>
          </reporter-output>
        </test-method> <!-- setup -->
        <test-method signature="verifyLoginWithValidEmailAndInvalidPassword()[pri:4, instance:com.tutorialsninja.qa.testcases.Login@2892d68]" started-at="2024-08-04T20:29:04 IST" name="verifyLoginWithValidEmailAndInvalidPassword" finished-at="2024-08-04T20:29:05 IST" duration-ms="981" status="PASS">
          <reporter-output>
          </reporter-output>
        </test-method> <!-- verifyLoginWithValidEmailAndInvalidPassword -->
        <test-method is-config="true" signature="tearDown()[pri:0, instance:com.tutorialsninja.qa.testcases.Login@2892d68]" started-at="2024-08-04T20:29:05 IST" name="tearDown" finished-at="2024-08-04T20:29:05 IST" duration-ms="183" status="PASS">
          <reporter-output>
          </reporter-output>
        </test-method> <!-- tearDown -->
        <test-method is-config="true" signature="setup()[pri:0, instance:com.tutorialsninja.qa.testcases.Login@2892d68]" started-at="2024-08-04T20:29:05 IST" name="setup" finished-at="2024-08-04T20:29:09 IST" duration-ms="3743" status="PASS">
          <reporter-output>
          </reporter-output>
        </test-method> <!-- setup -->
        <test-method signature="verifyLoginWithoutProvidingCredentials()[pri:5, instance:com.tutorialsninja.qa.testcases.Login@2892d68]" started-at="2024-08-04T20:29:09 IST" name="verifyLoginWithoutProvidingCredentials" finished-at="2024-08-04T20:29:10 IST" duration-ms="631" status="PASS">
          <reporter-output>
          </reporter-output>
        </test-method> <!-- verifyLoginWithoutProvidingCredentials -->
        <test-method is-config="true" signature="tearDown()[pri:0, instance:com.tutorialsninja.qa.testcases.Login@2892d68]" started-at="2024-08-04T20:29:10 IST" name="tearDown" finished-at="2024-08-04T20:29:10 IST" duration-ms="177" status="PASS">
          <reporter-output>
          </reporter-output>
        </test-method> <!-- tearDown -->
      </class> <!-- com.tutorialsninja.qa.testcases.Login -->
    </test> <!-- Default test -->
  </suite> <!-- Default suite -->
</testng-results>
